<?xml version="1.0" encoding="UTF-8"?>
<!-- Generated by org.testng.reporters.JUnitReportReporter -->
<testsuite hostname="INDIA-Irfan" name="SampleMaven.SampleMaven.Sample1" tests="2" failures="0" timestamp="12 Jul 2017 07:43:44 GMT" time="0.075" errors="0">
  <testcase name="first" time="0.066" classname="SampleMaven.SampleMaven.Sample1"/>
  <testcase name="get" time="0.009" classname="SampleMaven.SampleMaven.Sample1"/>
</testsuite> <!-- SampleMaven.SampleMaven.Sample1 -->
